<?xml version="1.0" encoding="UTF-8"?>
<!-- Generated by org.testng.reporters.JUnitReportReporter -->
<testsuite hostname="DESKTOP-7CHG99J" failures="0" tests="2" name="AndroidTests.TC_4_validatingTermsAndConditions" time="49.981" errors="1" timestamp="2025-10-17T11:10:58 IST" skipped="1">
  <testcase classname="AndroidTests.TC_4_validatingTermsAndConditions" name="appiumSetUp" time="49.981">
    <error message="Could not start a new session. Response code 500. Message: Cannot start the &#039;com.androidsample.generalstore&#039; application. Consider checking the driver&#039;s troubleshooting documentation. Original error: &#039;com.androidsample.generalstore.SplashActivity&#039; never started. Consider checking the driver&#039;s troubleshooting documentation. 
Host info: host: &#039;DESKTOP-7CHG99J&#039;, ip: &#039;192.168.1.5&#039;
Build info: version: &#039;4.36.0&#039;, revision: &#039;6d115cfd87&#039;
System info: os.name: &#039;Windows 10&#039;, os.arch: &#039;amd64&#039;, os.version: &#039;10.0&#039;, java.version: &#039;21.0.7&#039;
Driver info: io.appium.java_client.android.AndroidDriver
Command: [null, newSession {capabilities=[Capabilities {appium:adbExecTimeout: 60000000, appium:app: C:\Users\Vamsi\appiumFramew..., appium:appWaitActivity: com.androidsample.generalst..., appium:autoGrantPermissions: true, appium:automationName: UIAutomator2, appium:deviceName: mounikaEmulator, appium:newCommandTimeout: 40000, appium:uiautomator2ServerInstallTimeout: 60000000, platformName: ANDROID}]}]
Capabilities {appium:adbExecTimeout: 60000000, appium:app: C:\Users\Vamsi\appiumFramew..., appium:appWaitActivity: com.androidsample.generalst..., appium:autoGrantPermissions: true, appium:automationName: UIAutomator2, appium:deviceName: mounikaEmulator, appium:newCommandTimeout: 40000, appium:uiautomator2ServerInstallTimeout: 60000000, platformName: ANDROID}" type="org.openqa.selenium.SessionNotCreatedException">
      <![CDATA[org.openqa.selenium.SessionNotCreatedException: Could not start a new session. Response code 500. Message: Cannot start the 'com.androidsample.generalstore' application. Consider checking the driver's troubleshooting documentation. Original error: 'com.androidsample.generalstore.SplashActivity' never started. Consider checking the driver's troubleshooting documentation. 
Host info: host: 'DESKTOP-7CHG99J', ip: '192.168.1.5'
Build info: version: '4.36.0', revision: '6d115cfd87'
System info: os.name: 'Windows 10', os.arch: 'amd64', os.version: '10.0', java.version: '21.0.7'
Driver info: io.appium.java_client.android.AndroidDriver
Command: [null, newSession {capabilities=[Capabilities {appium:adbExecTimeout: 60000000, appium:app: C:\Users\Vamsi\appiumFramew..., appium:appWaitActivity: com.androidsample.generalst..., appium:autoGrantPermissions: true, appium:automationName: UIAutomator2, appium:deviceName: mounikaEmulator, appium:newCommandTimeout: 40000, appium:uiautomator2ServerInstallTimeout: 60000000, platformName: ANDROID}]}]
Capabilities {appium:adbExecTimeout: 60000000, appium:app: C:\Users\Vamsi\appiumFramew..., appium:appWaitActivity: com.androidsample.generalst..., appium:autoGrantPermissions: true, appium:automationName: UIAutomator2, appium:deviceName: mounikaEmulator, appium:newCommandTimeout: 40000, appium:uiautomator2ServerInstallTimeout: 60000000, platformName: ANDROID}
at org.openqa.selenium.remote.ProtocolHandshake.createSession(ProtocolHandshake.java:114)
at org.openqa.selenium.remote.ProtocolHandshake.createSession(ProtocolHandshake.java:75)
at org.openqa.selenium.remote.ProtocolHandshake.createSession(ProtocolHandshake.java:61)
at io.appium.java_client.remote.AppiumCommandExecutor.createSession(AppiumCommandExecutor.java:178)
at io.appium.java_client.remote.AppiumCommandExecutor.execute(AppiumCommandExecutor.java:243)
at org.openqa.selenium.remote.RemoteWebDriver.execute(RemoteWebDriver.java:557)
at io.appium.java_client.AppiumDriver.startSession(AppiumDriver.java:308)
at org.openqa.selenium.remote.RemoteWebDriver.<init>(RemoteWebDriver.java:174)
at io.appium.java_client.AppiumDriver.<init>(AppiumDriver.java:98)
at io.appium.java_client.AppiumDriver.<init>(AppiumDriver.java:109)
at io.appium.java_client.android.AndroidDriver.<init>(AndroidDriver.java:108)
at utils.AndroidBasePage.appiumSetUp(AndroidBasePage.java:46)
at java.base/jdk.internal.reflect.DirectMethodHandleAccessor.invoke(DirectMethodHandleAccessor.java:103)
at java.base/java.lang.reflect.Method.invoke(Method.java:580)
at org.testng.internal.invokers.MethodInvocationHelper.invokeMethod(MethodInvocationHelper.java:141)
at org.testng.internal.invokers.MethodInvocationHelper.invokeMethodConsideringTimeout(MethodInvocationHelper.java:71)
at org.testng.internal.invokers.ConfigInvoker.invokeConfigurationMethod(ConfigInvoker.java:400)
at org.testng.internal.invokers.ConfigInvoker.invokeConfigurations(ConfigInvoker.java:333)
at org.testng.internal.invokers.TestMethodWorker.invokeBeforeClassMethods(TestMethodWorker.java:188)
at org.testng.internal.invokers.TestMethodWorker.run(TestMethodWorker.java:128)
at java.base/java.util.ArrayList.forEach(ArrayList.java:1596)
at org.testng.TestRunner.privateRun(TestRunner.java:741)
at org.testng.TestRunner.run(TestRunner.java:616)
at org.testng.SuiteRunner.runTest(SuiteRunner.java:421)
at org.testng.SuiteRunner.runSequentially(SuiteRunner.java:413)
at org.testng.SuiteRunner.privateRun(SuiteRunner.java:373)
at org.testng.SuiteRunner.run(SuiteRunner.java:312)
at org.testng.SuiteRunnerWorker.runSuite(SuiteRunnerWorker.java:52)
at org.testng.SuiteRunnerWorker.run(SuiteRunnerWorker.java:95)
at org.testng.TestNG.runSuitesSequentially(TestNG.java:1274)
at org.testng.TestNG.runSuitesLocally(TestNG.java:1208)
at org.testng.TestNG.runSuites(TestNG.java:1112)
at org.testng.TestNG.run(TestNG.java:1079)
at org.testng.remote.AbstractRemoteTestNG.run(AbstractRemoteTestNG.java:115)
at org.testng.remote.RemoteTestNG.initAndRun(RemoteTestNG.java:293)
at org.testng.remote.RemoteTestNG.main(RemoteTestNG.java:91)
]]>
    </error>
  </testcase> <!-- appiumSetUp -->
  <testcase classname="AndroidTests.TC_4_validatingTermsAndConditions" name="scrollAllProducts" time="0.000">
    <skipped/>
  </testcase> <!-- scrollAllProducts -->
</testsuite> <!-- AndroidTests.TC_4_validatingTermsAndConditions -->
